<?xml version="1.0" encoding="UTF-8"?>
<testng-results skipped="0" failed="0" ignored="0" total="1" passed="1">
  <reporter-output>
  </reporter-output>
  <suite name="Default suite" duration-ms="16478" started-at="2018-08-04T10:37:05Z" finished-at="2018-08-04T10:37:22Z">
    <groups>
    </groups>
    <test name="Default test" duration-ms="16478" started-at="2018-08-04T10:37:05Z" finished-at="2018-08-04T10:37:22Z">
      <class name="GridScript.Leaftaps">
        <test-method status="PASS" signature="login()[pri:0, instance:GridScript.Leaftaps@1b5cd00]" name="login" duration-ms="16447" started-at="2018-08-04T10:37:05Z" finished-at="2018-08-04T10:37:22Z">
          <reporter-output>
          </reporter-output>
        </test-method> <!-- login -->
      </class> <!-- GridScript.Leaftaps -->
    </test> <!-- Default test -->
  </suite> <!-- Default suite -->
</testng-results>
